mode: set
databasesample/vehical/cardatabse.go:18.36,20.12 1 1
databasesample/vehical/cardatabse.go:46.2,50.10 5 1
databasesample/vehical/cardatabse.go:20.12,23.17 2 1
databasesample/vehical/cardatabse.go:31.3,31.18 1 1
databasesample/vehical/cardatabse.go:23.17,30.4 5 0
databasesample/vehical/cardatabse.go:31.18,35.18 2 1
databasesample/vehical/cardatabse.go:41.4,41.12 1 1
databasesample/vehical/cardatabse.go:35.18,39.5 1 0
databasesample/vehical/cardatabse.go:54.32,59.16 3 1
databasesample/vehical/cardatabse.go:63.2,63.15 1 1
databasesample/vehical/cardatabse.go:67.2,67.13 1 0
databasesample/vehical/cardatabse.go:59.16,62.3 1 0
databasesample/vehical/cardatabse.go:63.15,66.3 1 1
databasesample/vehical/cardatabse.go:71.36,75.16 3 1
databasesample/vehical/cardatabse.go:80.2,80.15 1 1
databasesample/vehical/cardatabse.go:83.2,83.13 1 1
databasesample/vehical/cardatabse.go:75.16,78.3 1 0
databasesample/vehical/cardatabse.go:80.15,82.3 1 1
